
input1: xxxxx0111xxx1xxxxxxxxxxxxxxxxxxxxxxxxxxxxxxxxxxxxxx11xxxxxxxxxx011xxxxxxxxxxxxxxxxxxxxxxxxxxxxxxxxxxxxxxxxxxxxxxxxxxxxxxxxxxxxxxxxxxxxxxxxxxxxxxxxxxxxxxxxx0xxxxxxxxxxxxxxxxxxxxxxxxxxxxxx000001111xxxxxxxxxx1x
 		 fault free output1: xxxxxxxxxxxxxxxxxx000001111xxxxxxxxxxxxxxxxxxxxxxxxxxxx1xxxx11111100xxxxxxxxxxxxxxxxxxxxxxxxxxxxxxxxxxxxxx0
fault 8678/0: fault injected output1: xxxxxxxxxxxxxxxxxx000001111xxxxxxxxxxxxxxxxxxxxxxxxxxxx1xxxx11111100xxxxxxxxxxxxxxxxxxxxxxxxxxxxxxxxxxxxxx1	 Fault detected
fault 1308/0: fault injected output1: xxxxxxxxxxxxxxxxxx000001111xxxxxxxxxxxxxxxxxxxxxxxxxxxx1xxxx11111100xxxxxxxxxxxxxxxxxxxxxxxxxxxxxxxxxxxxxx0	 Fault not detected
fault 10806/0: fault injected output1: xxxxxxxxxxxxxxxxxx000001111xxxxxxxxxxxxxxxxxxxxxxxxxxxx1xxxx11111100xxxxxxxxxxxxxxxxxxxxxxxxxxxxxxxxxxxxxx0	 Fault not detected
fault 7222/0: fault injected output1: xxxxxxxxxxxxxxxxxx000001111xxxxxxxxxxxxxxxxxxxxxxxxxxxx1xxxx11111100xxxxxxxxxxxxxxxxxxxxxxxxxxxxxxxxxxxxxx0	 Fault not detected
fault 6649/0: fault injected output1: xxxxxxxxxxxxxxxxxx000001111xxxxxxxxxxxxxxxxxxxxxxxxxxxx1xxxx11111100xxxxxxxxxxxxxxxxxxxxxxxxxxxxxxxxxxxxxx0	 Fault not detected

input2: xxxxx0111xxx1xxxxxxxxxxxxxxxxxxxxxxxxxxxxxxxxxxxxxx11xxxxxxxxxx011xxxxxxxxxxxxxxxxxxxxxxxxxxxxxxxxxxxxxxxxxxxxxxxxxxxxxxxxxxxxxxxxxxxxxxxxxxxxxxxxxxxxxxxxxxxxxxxxxxxxxxxxxxxxxxxxxxxxxxxx000000111xxxxxxxxxx1x
 		 fault free output2: xxxxxxxxxxxxxxxxxx000000111xxxxxxxxxxxxxxxxxxxxxxxxxxxx1xxxx11111101xxxxxxxxxxxxxxxxxxxxxxxxxxxxxxxxxxxxxx1
fault 8678/0: fault injected output2: xxxxxxxxxxxxxxxxxx000000111xxxxxxxxxxxxxxxxxxxxxxxxxxxx1xxxx11111101xxxxxxxxxxxxxxxxxxxxxxxxxxxxxxxxxxxxxx1	 Fault not detected
fault 1308/0: fault injected output2: xxxxxxxxxxxxxxxxxx000000111xxxxxxxxxxxxxxxxxxxxxxxxxxxx1xxxx11111101xxxxxxxxxxxxxxxxxxxxxxxxxxxxxxxxxxxxxx1	 Fault not detected
fault 10806/0: fault injected output2: xxxxxxxxxxxxxxxxxx000000111xxxxxxxxxxxxxxxxxxxxxxxxxxxx1xxxx11111101xxxxxxxxxxxxxxxxxxxxxxxxxxxxxxxxxxxxxx0	 Fault detected
fault 7222/0: fault injected output2: xxxxxxxxxxxxxxxxxx000000111xxxxxxxxxxxxxxxxxxxxxxxxxxxx1xxxx11111101xxxxxxxxxxxxxxxxxxxxxxxxxxxxxxxxxxxxxx1	 Fault not detected
fault 6649/0: fault injected output2: xxxxxxxxxxxxxxxxxx000000111xxxxxxxxxxxxxxxxxxxxxxxxxxxx1xxxx11111101xxxxxxxxxxxxxxxxxxxxxxxxxxxxxxxxxxxxxx1	 Fault not detected

input3: xxxxx0xxx11xxx10xxxxxxxxxxxxx1xxxxxxxxxxxxxxxxxxx111xxxxxxxxx11111xxxxxxxxxxxxxxxxxxxxxxxxxxxxxxxxxxxxxxxxxxxxxxxxxxxxxxxxxxxxxxxxxxxxxxxxxxxxx0xxxxxxxxxxxxxxxxxxxxxxxxxxxxxxxxxxxxxxxxxx111110111x0000001100x 		 fault free output3: xxxxxxxxxxxxxxxxxx111110111x00000110xxx0xxxxxxxxxxxxxxxxxxxxxxxx0000xxxxxxxxxxxxxxxxxxxxxx1xxxx11110101xx0x
fault 8678/0: fault injected output3: xxxxxxxxxxxxxxxxxx111110111x00000110xxx0xxxxxxxxxxxxxxxxxxxxxxxx0000xxxxxxxxxxxxxxxxxxxxxx1xxxx11110101xx0x	 Fault not detected
fault 1308/0: fault injected output3: xxxxxxxxxxxxxxxxxx111110111x00000110xxx0xxxxxxxxxxxxxxxxxxxxxxxx0000xxxxxxxxxxxxxxxxxxxxxx1xxxx11110101xx0x	 Fault not detected
fault 10806/0: fault injected output3: xxxxxxxxxxxxxxxxxx111110111x00000110xxx0xxxxxxxxxxxxxxxxxxxxxxxx0000xxxxxxxxxxxxxxxxxxxxxx1xxxx11110101xx0x	 Fault not detected
fault 7222/0: fault injected output3: xxxxxxxxxxxxxxxxxx111110111x00000110xxx0xxxxxxxxxxxxxxxxxxxxxxxx0000xxxxxxxxxxxxxxxxxxxxxx1xxxx11110101xx0x	 Fault not detected
fault 6649/0: fault injected output3: xxxxxxxxxxxxxxxxxx111110111x00000110xxx0xxxxxxxxxxxxxxxxxxxxxxxx0000xxxxxxxxxxxxxxxxxxxxxx1xxxx11110101xx1x	 Fault detected
