
input1: xxxxxxxxxxxxxxxxxxxxxxxxxxxxx1xxxxxxxxxxxxxxxxx0x100000xxxxx
 		 fault free output1: xxxxxxxxxxxxxxxxx1xxxxxxxx
fault 340/0: fault injected output1: xxxxxxxxxxxxxxxxx0xxxxxxxx	 Fault detected
fault 758/0: fault injected output1: xxxxxxxxxxxxxxxxx1xxxxxxxx	 Fault not detected
fault 466/0: fault injected output1: xxxxxxxxxxxxxxxxx1xxxxxxxx	 Fault not detected
fault 156/0: fault injected output1: xxxxxxxxxxxxxxxxx1xxxxxxxx	 Fault not detected
fault 375/0: fault injected output1: xxxxxxxxxxxxxxxxx1xxxxxxxx	 Fault not detected
fault 347/0: fault injected output1: xxxxxxxxxxxxxxxxx1xxxxxxxx	 Fault not detected

input2: 1xxx11xx11xxxxx11xxxxxxxxxxxxxxxxxxxxxxxxxxxxxx0x010x00xx1x0
 		 fault free output2: xxxxxxxxxxx1xxxxx0xxxxxxxx
fault 340/0: fault injected output2: xxxxxxxxxxx1xxxxx0xxxxxxxx	 Fault not detected
fault 758/0: fault injected output2: xxxxxxxxxxx1xxxxx1xxxxxxxx	 Fault detected
fault 466/0: fault injected output2: xxxxxxxxxxx1xxxxx0xxxxxxxx	 Fault not detected
fault 156/0: fault injected output2: xxxxxxxxxxx1xxxxx0xxxxxxxx	 Fault not detected
fault 375/0: fault injected output2: xxxxxxxxxxx1xxxxx0xxxxxxxx	 Fault not detected
fault 347/0: fault injected output2: xxxxxxxxxxx1xxxxx0xxxxxxxx	 Fault not detected

input3: x0xxxxxxxx0xxxxxxxxxxxx1xxxxxxxxxx0xxxxxxxxxxxxxx00001xxxxx1
 		 fault free output3: xxxx0x111xxx00xxxx0xxxx0xx
fault 340/0: fault injected output3: xxxx0x111xxx00xxxx0xxxx0xx	 Fault not detected
fault 758/0: fault injected output3: xxxx0x111xxx00xxxx0xxxx0xx	 Fault not detected
fault 466/0: fault injected output3: xxxx0x111xxx00xxxx0xxxx0xx	 Fault not detected
fault 156/0: fault injected output3: xxxx0x111xxx00xxxx0xxxx0xx	 Fault not detected
fault 375/0: fault injected output3: xxxx0x111xxx00xxxx0xxxx0xx	 Fault not detected
fault 347/0: fault injected output3: xxxx0x111xxx00xxxx0xxxx0xx	 Fault not detected

input4: 10x01xx01x1xxxxxxxxxxxx1xxxxxxxxxxxxxxx1xxxxxxxxx00001xxxxxx
 		 fault free output4: 0x0x01xx1x1100xxxxxxxxx0x0
fault 340/0: fault injected output4: 0x0x01xx1x1100xxxxxxxxx0x0	 Fault not detected
fault 758/0: fault injected output4: 0x0x01xx1x1100xxxxxxxxx0x0	 Fault not detected
fault 466/0: fault injected output4: 0x0x01xx1x1100xxxxxxxxx0x0	 Fault not detected
fault 156/0: fault injected output4: 0x0x01xx1x1100xxxxxxxxxxxx	 Fault detected
fault 375/0: fault injected output4: 0x0x01xx1x1100xxxxxxxxx0x0	 Fault not detected
fault 347/0: fault injected output4: 0x0x01xx1x1100xxxxxxxxx0x0	 Fault not detected

input5: 00xxxxxxxx0xxxxxxxxxxxx1xxxxxxxxxxxxxxxxxxxxxxxxx00001xxxxxx
 		 fault free output5: xxxx01111x1000xxxxxxxxx0xx
fault 340/0: fault injected output5: xxxx01111x1000xxxxxxxxx0xx	 Fault not detected
fault 758/0: fault injected output5: xxxx01111x1000xxxxxxxxx0xx	 Fault not detected
fault 466/0: fault injected output5: xxxx01111x1000xxxxxxxxx0xx	 Fault not detected
fault 156/0: fault injected output5: xxxx01111x1000xxxxxxxxx0xx	 Fault not detected
fault 375/0: fault injected output5: xxxx01111x1000xxxxxxxxx0xx	 Fault not detected
fault 347/0: fault injected output5: xxxx01111x1000xxxxxxxxx0xx	 Fault not detected
